<?xml version="1.0" encoding="UTF-8"?>
<!-- Generated by org.testng.reporters.JUnitReportReporter -->
<testsuite skipped="0" hostname="DESKTOP-61HTPJQ" name="mavenTest.TestNG" tests="2" failures="0" timestamp="24 Feb 2019 10:35:59 GMT" time="0.020" errors="0">
  <testcase name="test1" time="0.004" classname="mavenTest.TestNG"/>
  <testcase name="test" time="0.016" classname="mavenTest.TestNG"/>
</testsuite> <!-- mavenTest.TestNG -->
