<?xml version="1.0" encoding="UTF-8"?>
<!-- Generated by org.testng.reporters.JUnitReportReporter -->
<testsuite skipped="0" hostname="DESKTOP-61HTPJQ" name="mavenTest.TestNG1" tests="2" failures="0" timestamp="02 Mar 2019 18:37:55 GMT" time="0.017" errors="0">
  <testcase name="test4" time="0.003" classname="mavenTest.TestNG1"/>
  <testcase name="test3" time="0.014" classname="mavenTest.TestNG1"/>
</testsuite> <!-- mavenTest.TestNG1 -->
